<?xml version="1.0" encoding="UTF-8"?>
<!-- Generated by org.testng.reporters.JUnitReportReporter -->
<testsuite skipped="0" hostname="DESKTOP-9IIJM6L" name="com.HospitaRun.testCases.TC_LoginTest_001" tests="1" failures="0" timestamp="2021-08-11T18:17:09 IST" time="3.276" errors="0">
  <testcase name="loginTest" time="3.276" classname="com.HospitaRun.testCases.TC_LoginTest_001"/>
  <system-out/>
</testsuite> <!-- com.HospitaRun.testCases.TC_LoginTest_001 -->
