<?xml version="1.0" encoding="UTF-8"?>
<!-- Generated by org.testng.reporters.JUnitReportReporter -->
<testsuite skipped="0" hostname="DESKTOP-9IIJM6L" name="com.HospitaRun.testCases.TC_NewPatients_002" tests="1" failures="0" timestamp="2021-08-12T11:27:12 IST" time="22.469" errors="0">
  <testcase name="addNewPatient" time="22.469" classname="com.HospitaRun.testCases.TC_NewPatients_002"/>
  <system-out/>
</testsuite> <!-- com.HospitaRun.testCases.TC_NewPatients_002 -->
