<?xml version="1.0" encoding="UTF-8"?>
<!-- Generated by org.testng.reporters.JUnitReportReporter -->
<testsuite skipped="0" hostname="DESKTOP-9IIJM6L" name="com.HospitaRun.testCases.TC_AdmissionDetail_003" tests="1" failures="0" timestamp="2021-08-12T12:33:14 IST" time="10.567" errors="0">
  <testcase name="Admissions_Detail_Report" time="10.567" classname="com.HospitaRun.testCases.TC_AdmissionDetail_003"/>
  <system-out/>
</testsuite> <!-- com.HospitaRun.testCases.TC_AdmissionDetail_003 -->
